2026-02-13T06:36:14.710722Z  INFO ralph: Creating scratchpad directory: /home/andy/Projects/MeetBalls/.ralph/agent
2026-02-13T06:36:14.821426Z  INFO ralph_core::event_loop: Memory injection check: enabled=true, inject=Auto, workspace_root="/home/andy/Projects/MeetBalls"
2026-02-13T06:36:14.821537Z  INFO ralph_core::event_loop: Looking for memories at: "/home/andy/Projects/MeetBalls/.ralph/agent/memories.md" (exists: false)
2026-02-13T06:36:14.821610Z  INFO ralph_core::event_loop: Successfully loaded 0 memories from store
2026-02-13T06:36:14.821613Z  INFO ralph_core::event_loop: Memory store is empty - no memories to inject
2026-02-13T06:37:15.264860Z  INFO ralph_core::event_loop: Memory injection check: enabled=true, inject=Auto, workspace_root="/home/andy/Projects/MeetBalls"
2026-02-13T06:37:15.264911Z  INFO ralph_core::event_loop: Looking for memories at: "/home/andy/Projects/MeetBalls/.ralph/agent/memories.md" (exists: false)
2026-02-13T06:37:15.264924Z  INFO ralph_core::event_loop: Successfully loaded 0 memories from store
2026-02-13T06:37:15.264930Z  INFO ralph_core::event_loop: Memory store is empty - no memories to inject
2026-02-13T06:37:15.264998Z  INFO ralph_core::event_loop: Injecting scratchpad (1195 chars) into prompt
2026-02-13T06:38:16.455281Z  INFO ralph_core::event_loop: Memory injection check: enabled=true, inject=Auto, workspace_root="/home/andy/Projects/MeetBalls"
2026-02-13T06:38:16.455303Z  INFO ralph_core::event_loop: Looking for memories at: "/home/andy/Projects/MeetBalls/.ralph/agent/memories.md" (exists: false)
2026-02-13T06:38:16.455308Z  INFO ralph_core::event_loop: Successfully loaded 0 memories from store
2026-02-13T06:38:16.455310Z  INFO ralph_core::event_loop: Memory store is empty - no memories to inject
2026-02-13T06:38:16.455331Z  INFO ralph_core::event_loop: Injecting scratchpad (1944 chars) into prompt
2026-02-13T06:38:59.707615Z  INFO ralph_core::event_loop: Memory injection check: enabled=true, inject=Auto, workspace_root="/home/andy/Projects/MeetBalls"
2026-02-13T06:38:59.707645Z  INFO ralph_core::event_loop: Looking for memories at: "/home/andy/Projects/MeetBalls/.ralph/agent/memories.md" (exists: false)
2026-02-13T06:38:59.707651Z  INFO ralph_core::event_loop: Successfully loaded 0 memories from store
2026-02-13T06:38:59.707654Z  INFO ralph_core::event_loop: Memory store is empty - no memories to inject
2026-02-13T06:38:59.707679Z  INFO ralph_core::event_loop: Injecting scratchpad (3337 chars) into prompt
2026-02-13T06:41:53.121036Z  INFO ralph_core::event_loop: Memory injection check: enabled=true, inject=Auto, workspace_root="/home/andy/Projects/MeetBalls"
2026-02-13T06:41:53.121059Z  INFO ralph_core::event_loop: Looking for memories at: "/home/andy/Projects/MeetBalls/.ralph/agent/memories.md" (exists: false)
2026-02-13T06:41:53.121064Z  INFO ralph_core::event_loop: Successfully loaded 0 memories from store
2026-02-13T06:41:53.121067Z  INFO ralph_core::event_loop: Memory store is empty - no memories to inject
2026-02-13T06:41:53.121093Z  INFO ralph_core::event_loop: Injecting scratchpad (4813 chars) into prompt
2026-02-13T06:43:05.710654Z  INFO ralph_core::event_loop: Memory injection check: enabled=true, inject=Auto, workspace_root="/home/andy/Projects/MeetBalls"
2026-02-13T06:43:05.710676Z  INFO ralph_core::event_loop: Looking for memories at: "/home/andy/Projects/MeetBalls/.ralph/agent/memories.md" (exists: false)
2026-02-13T06:43:05.710682Z  INFO ralph_core::event_loop: Successfully loaded 0 memories from store
2026-02-13T06:43:05.710684Z  INFO ralph_core::event_loop: Memory store is empty - no memories to inject
2026-02-13T06:43:05.710709Z  INFO ralph_core::event_loop: Injecting scratchpad (9169 chars) into prompt
2026-02-13T06:47:48.457951Z  INFO ralph_core::event_loop: Memory injection check: enabled=true, inject=Auto, workspace_root="/home/andy/Projects/MeetBalls"
2026-02-13T06:47:48.457985Z  INFO ralph_core::event_loop: Looking for memories at: "/home/andy/Projects/MeetBalls/.ralph/agent/memories.md" (exists: false)
2026-02-13T06:47:48.457991Z  INFO ralph_core::event_loop: Successfully loaded 0 memories from store
2026-02-13T06:47:48.458001Z  INFO ralph_core::event_loop: Memory store is empty - no memories to inject
2026-02-13T06:47:48.458028Z  INFO ralph_core::event_loop: Injecting scratchpad (10682 chars) into prompt
2026-02-13T06:49:51.004390Z  INFO ralph_core::event_loop: Memory injection check: enabled=true, inject=Auto, workspace_root="/home/andy/Projects/MeetBalls"
2026-02-13T06:49:51.004412Z  INFO ralph_core::event_loop: Looking for memories at: "/home/andy/Projects/MeetBalls/.ralph/agent/memories.md" (exists: false)
2026-02-13T06:49:51.004418Z  INFO ralph_core::event_loop: Successfully loaded 0 memories from store
2026-02-13T06:49:51.004421Z  INFO ralph_core::event_loop: Memory store is empty - no memories to inject
2026-02-13T06:49:51.004451Z  INFO ralph_core::event_loop: Injecting scratchpad (12169 chars) into prompt
2026-02-13T06:53:31.395584Z  INFO ralph_core::event_loop: Memory injection check: enabled=true, inject=Auto, workspace_root="/home/andy/Projects/MeetBalls"
2026-02-13T06:53:31.395605Z  INFO ralph_core::event_loop: Looking for memories at: "/home/andy/Projects/MeetBalls/.ralph/agent/memories.md" (exists: false)
2026-02-13T06:53:31.395611Z  INFO ralph_core::event_loop: Successfully loaded 0 memories from store
2026-02-13T06:53:31.395613Z  INFO ralph_core::event_loop: Memory store is empty - no memories to inject
2026-02-13T06:53:31.395640Z  INFO ralph_core::event_loop: Injecting scratchpad (13798 chars) into prompt
2026-02-13T06:56:12.173237Z  INFO ralph_core::event_loop: Memory injection check: enabled=true, inject=Auto, workspace_root="/home/andy/Projects/MeetBalls"
2026-02-13T06:56:12.173262Z  INFO ralph_core::event_loop: Looking for memories at: "/home/andy/Projects/MeetBalls/.ralph/agent/memories.md" (exists: false)
2026-02-13T06:56:12.173268Z  INFO ralph_core::event_loop: Successfully loaded 0 memories from store
2026-02-13T06:56:12.173271Z  INFO ralph_core::event_loop: Memory store is empty - no memories to inject
2026-02-13T06:56:12.173310Z  INFO ralph_core::event_loop: Injecting scratchpad (14767 chars) into prompt
2026-02-13T06:59:52.394997Z  INFO ralph_core::event_loop: Memory injection check: enabled=true, inject=Auto, workspace_root="/home/andy/Projects/MeetBalls"
2026-02-13T06:59:52.395027Z  INFO ralph_core::event_loop: Looking for memories at: "/home/andy/Projects/MeetBalls/.ralph/agent/memories.md" (exists: false)
2026-02-13T06:59:52.395034Z  INFO ralph_core::event_loop: Successfully loaded 0 memories from store
2026-02-13T06:59:52.395037Z  INFO ralph_core::event_loop: Memory store is empty - no memories to inject
2026-02-13T06:59:52.395221Z  INFO ralph_core::event_loop: Injecting scratchpad (16113 chars) into prompt
2026-02-13T07:01:27.510079Z  WARN ralph::loop_runner: SIGHUP received (terminal closed), terminating immediately...
