2026-02-13T07:26:09.347386Z  INFO ralph::loop_runner: I'm Ralph. Let's do this.
2026-02-13T07:26:09.348158Z  INFO ralph_core::event_loop: Memory injection check: enabled=true, inject=Auto, workspace_root="/home/andy/Projects/MeetBalls"
2026-02-13T07:26:09.348275Z  INFO ralph_core::event_loop: Looking for memories at: "/home/andy/Projects/MeetBalls/.ralph/agent/memories.md" (exists: false)
2026-02-13T07:26:09.348462Z  INFO ralph_core::event_loop: Successfully loaded 0 memories from store
2026-02-13T07:26:09.348466Z  INFO ralph_core::event_loop: Memory store is empty - no memories to inject
2026-02-13T07:26:09.924969Z  INFO ralph_core::event_loop: Memory injection check: enabled=true, inject=Auto, workspace_root="/home/andy/Projects/MeetBalls"
2026-02-13T07:26:09.924991Z  INFO ralph_core::event_loop: Looking for memories at: "/home/andy/Projects/MeetBalls/.ralph/agent/memories.md" (exists: false)
2026-02-13T07:26:09.924996Z  INFO ralph_core::event_loop: Successfully loaded 0 memories from store
2026-02-13T07:26:09.924998Z  INFO ralph_core::event_loop: Memory store is empty - no memories to inject
2026-02-13T07:26:10.377605Z  INFO ralph_core::event_loop: Memory injection check: enabled=true, inject=Auto, workspace_root="/home/andy/Projects/MeetBalls"
2026-02-13T07:26:10.377644Z  INFO ralph_core::event_loop: Looking for memories at: "/home/andy/Projects/MeetBalls/.ralph/agent/memories.md" (exists: false)
2026-02-13T07:26:10.377650Z  INFO ralph_core::event_loop: Successfully loaded 0 memories from store
2026-02-13T07:26:10.377652Z  INFO ralph_core::event_loop: Memory store is empty - no memories to inject
2026-02-13T07:26:10.796281Z  INFO ralph_core::event_loop: Memory injection check: enabled=true, inject=Auto, workspace_root="/home/andy/Projects/MeetBalls"
2026-02-13T07:26:10.796308Z  INFO ralph_core::event_loop: Looking for memories at: "/home/andy/Projects/MeetBalls/.ralph/agent/memories.md" (exists: false)
2026-02-13T07:26:10.796314Z  INFO ralph_core::event_loop: Successfully loaded 0 memories from store
2026-02-13T07:26:10.796316Z  INFO ralph_core::event_loop: Memory store is empty - no memories to inject
2026-02-13T07:26:11.206269Z  INFO ralph_core::event_loop: Memory injection check: enabled=true, inject=Auto, workspace_root="/home/andy/Projects/MeetBalls"
2026-02-13T07:26:11.206293Z  INFO ralph_core::event_loop: Looking for memories at: "/home/andy/Projects/MeetBalls/.ralph/agent/memories.md" (exists: false)
2026-02-13T07:26:11.206300Z  INFO ralph_core::event_loop: Successfully loaded 0 memories from store
2026-02-13T07:26:11.206303Z  INFO ralph_core::event_loop: Memory store is empty - no memories to inject
2026-02-13T07:26:11.619786Z  INFO ralph_core::event_loop: Wrapping up: consecutive_failures. 5 iterations in 2s. reason=consecutive_failures iterations=5 duration=2s
