2026-02-13T07:32:05.043512Z  INFO ralph_core::event_loop: Memory injection check: enabled=true, inject=Auto, workspace_root="/home/andy/Projects/MeetBalls"
2026-02-13T07:32:05.043539Z  INFO ralph_core::event_loop: Looking for memories at: "/home/andy/Projects/MeetBalls/.ralph/agent/memories.md" (exists: false)
2026-02-13T07:32:05.043544Z  INFO ralph_core::event_loop: Successfully loaded 0 memories from store
2026-02-13T07:32:05.043546Z  INFO ralph_core::event_loop: Memory store is empty - no memories to inject
2026-02-13T07:34:07.300829Z  INFO ralph_core::event_loop: Memory injection check: enabled=true, inject=Auto, workspace_root="/home/andy/Projects/MeetBalls"
2026-02-13T07:34:07.300850Z  INFO ralph_core::event_loop: Looking for memories at: "/home/andy/Projects/MeetBalls/.ralph/agent/memories.md" (exists: false)
2026-02-13T07:34:07.300854Z  INFO ralph_core::event_loop: Successfully loaded 0 memories from store
2026-02-13T07:34:07.300856Z  INFO ralph_core::event_loop: Memory store is empty - no memories to inject
2026-02-13T07:34:07.300880Z  INFO ralph_core::event_loop: Injecting scratchpad (1164 chars) into prompt
2026-02-13T07:35:11.354909Z  INFO ralph_core::event_loop: Memory injection check: enabled=true, inject=Auto, workspace_root="/home/andy/Projects/MeetBalls"
2026-02-13T07:35:11.354961Z  INFO ralph_core::event_loop: Looking for memories at: "/home/andy/Projects/MeetBalls/.ralph/agent/memories.md" (exists: false)
2026-02-13T07:35:11.354967Z  INFO ralph_core::event_loop: Successfully loaded 0 memories from store
2026-02-13T07:35:11.354969Z  INFO ralph_core::event_loop: Memory store is empty - no memories to inject
2026-02-13T07:35:11.354992Z  INFO ralph_core::event_loop: Injecting scratchpad (3081 chars) into prompt
2026-02-13T07:36:31.551714Z  INFO ralph_core::event_loop: Memory injection check: enabled=true, inject=Auto, workspace_root="/home/andy/Projects/MeetBalls"
2026-02-13T07:36:31.551737Z  INFO ralph_core::event_loop: Looking for memories at: "/home/andy/Projects/MeetBalls/.ralph/agent/memories.md" (exists: false)
2026-02-13T07:36:31.551742Z  INFO ralph_core::event_loop: Successfully loaded 0 memories from store
2026-02-13T07:36:31.551745Z  INFO ralph_core::event_loop: Memory store is empty - no memories to inject
2026-02-13T07:36:31.551768Z  INFO ralph_core::event_loop: Injecting scratchpad (4331 chars) into prompt
2026-02-13T07:41:46.623381Z  INFO ralph_core::event_loop: Memory injection check: enabled=true, inject=Auto, workspace_root="/home/andy/Projects/MeetBalls"
2026-02-13T07:41:46.623407Z  INFO ralph_core::event_loop: Looking for memories at: "/home/andy/Projects/MeetBalls/.ralph/agent/memories.md" (exists: false)
2026-02-13T07:41:46.623412Z  INFO ralph_core::event_loop: Successfully loaded 0 memories from store
2026-02-13T07:41:46.623414Z  INFO ralph_core::event_loop: Memory store is empty - no memories to inject
2026-02-13T07:41:46.623445Z  INFO ralph_core::event_loop: Injecting scratchpad (5758 chars) into prompt
2026-02-13T07:42:53.789793Z  INFO ralph_core::event_loop: Memory injection check: enabled=true, inject=Auto, workspace_root="/home/andy/Projects/MeetBalls"
2026-02-13T07:42:53.789815Z  INFO ralph_core::event_loop: Looking for memories at: "/home/andy/Projects/MeetBalls/.ralph/agent/memories.md" (exists: false)
2026-02-13T07:42:53.789821Z  INFO ralph_core::event_loop: Successfully loaded 0 memories from store
2026-02-13T07:42:53.789823Z  INFO ralph_core::event_loop: Memory store is empty - no memories to inject
2026-02-13T07:42:53.789846Z  INFO ralph_core::event_loop: Injecting scratchpad (7913 chars) into prompt
2026-02-13T07:43:51.861089Z  INFO ralph_core::event_loop: Memory injection check: enabled=true, inject=Auto, workspace_root="/home/andy/Projects/MeetBalls"
2026-02-13T07:43:51.861113Z  INFO ralph_core::event_loop: Looking for memories at: "/home/andy/Projects/MeetBalls/.ralph/agent/memories.md" (exists: false)
2026-02-13T07:43:51.861120Z  INFO ralph_core::event_loop: Successfully loaded 0 memories from store
2026-02-13T07:43:51.861123Z  INFO ralph_core::event_loop: Memory store is empty - no memories to inject
2026-02-13T07:43:51.861167Z  INFO ralph_core::event_loop: Injecting scratchpad (9868 chars) into prompt
2026-02-13T07:47:07.600662Z  INFO ralph_core::event_loop: Memory injection check: enabled=true, inject=Auto, workspace_root="/home/andy/Projects/MeetBalls"
2026-02-13T07:47:07.600684Z  INFO ralph_core::event_loop: Looking for memories at: "/home/andy/Projects/MeetBalls/.ralph/agent/memories.md" (exists: false)
2026-02-13T07:47:07.600689Z  INFO ralph_core::event_loop: Successfully loaded 0 memories from store
2026-02-13T07:47:07.600691Z  INFO ralph_core::event_loop: Memory store is empty - no memories to inject
2026-02-13T07:47:07.600719Z  INFO ralph_core::event_loop: Injecting scratchpad (11007 chars) into prompt
2026-02-13T07:51:49.868763Z  INFO ralph_core::event_loop: Memory injection check: enabled=true, inject=Auto, workspace_root="/home/andy/Projects/MeetBalls"
2026-02-13T07:51:49.868816Z  INFO ralph_core::event_loop: Looking for memories at: "/home/andy/Projects/MeetBalls/.ralph/agent/memories.md" (exists: false)
2026-02-13T07:51:49.868823Z  INFO ralph_core::event_loop: Successfully loaded 0 memories from store
2026-02-13T07:51:49.868826Z  INFO ralph_core::event_loop: Memory store is empty - no memories to inject
2026-02-13T07:51:49.868865Z  INFO ralph_core::event_loop: Injecting scratchpad (12100 chars) into prompt
2026-02-13T08:00:05.694146Z  INFO ralph_core::event_loop: Memory injection check: enabled=true, inject=Auto, workspace_root="/home/andy/Projects/MeetBalls"
2026-02-13T08:00:05.694172Z  INFO ralph_core::event_loop: Looking for memories at: "/home/andy/Projects/MeetBalls/.ralph/agent/memories.md" (exists: false)
2026-02-13T08:00:05.694178Z  INFO ralph_core::event_loop: Successfully loaded 0 memories from store
2026-02-13T08:00:05.694180Z  INFO ralph_core::event_loop: Memory store is empty - no memories to inject
2026-02-13T08:00:05.694217Z  INFO ralph_core::event_loop: Injecting scratchpad (13741 chars) into prompt
2026-02-13T08:03:51.310563Z  INFO ralph_core::event_loop: Memory injection check: enabled=true, inject=Auto, workspace_root="/home/andy/Projects/MeetBalls"
2026-02-13T08:03:51.310597Z  INFO ralph_core::event_loop: Looking for memories at: "/home/andy/Projects/MeetBalls/.ralph/agent/memories.md" (exists: false)
2026-02-13T08:03:51.310604Z  INFO ralph_core::event_loop: Successfully loaded 0 memories from store
2026-02-13T08:03:51.310607Z  INFO ralph_core::event_loop: Memory store is empty - no memories to inject
2026-02-13T08:03:51.310647Z  INFO ralph_core::event_loop: Injecting scratchpad (15197 chars) into prompt
2026-02-13T08:08:15.719934Z  INFO ralph_core::event_loop: Memory injection check: enabled=true, inject=Auto, workspace_root="/home/andy/Projects/MeetBalls"
2026-02-13T08:08:15.719959Z  INFO ralph_core::event_loop: Looking for memories at: "/home/andy/Projects/MeetBalls/.ralph/agent/memories.md" (exists: false)
2026-02-13T08:08:15.719964Z  INFO ralph_core::event_loop: Successfully loaded 0 memories from store
2026-02-13T08:08:15.719966Z  INFO ralph_core::event_loop: Memory store is empty - no memories to inject
2026-02-13T08:08:15.720009Z  INFO ralph_core::event_loop: Injecting scratchpad (16091 chars) into prompt
2026-02-13T08:11:23.274697Z  INFO ralph_core::event_loop: Memory injection check: enabled=true, inject=Auto, workspace_root="/home/andy/Projects/MeetBalls"
2026-02-13T08:11:23.274722Z  INFO ralph_core::event_loop: Looking for memories at: "/home/andy/Projects/MeetBalls/.ralph/agent/memories.md" (exists: false)
2026-02-13T08:11:23.274727Z  INFO ralph_core::event_loop: Successfully loaded 0 memories from store
2026-02-13T08:11:23.274730Z  INFO ralph_core::event_loop: Memory store is empty - no memories to inject
2026-02-13T08:11:23.274774Z  INFO ralph_core::event_loop: Injecting scratchpad (16197 chars) into prompt
2026-02-13T08:15:47.644639Z  INFO ralph_core::event_loop: Memory injection check: enabled=true, inject=Auto, workspace_root="/home/andy/Projects/MeetBalls"
2026-02-13T08:15:47.644661Z  INFO ralph_core::event_loop: Looking for memories at: "/home/andy/Projects/MeetBalls/.ralph/agent/memories.md" (exists: false)
2026-02-13T08:15:47.644673Z  INFO ralph_core::event_loop: Successfully loaded 0 memories from store
2026-02-13T08:15:47.644674Z  INFO ralph_core::event_loop: Memory store is empty - no memories to inject
2026-02-13T08:15:47.644719Z  INFO ralph_core::event_loop: Injecting scratchpad (16293 chars) into prompt
2026-02-13T08:17:26.639976Z  INFO ralph_core::event_loop: Memory injection check: enabled=true, inject=Auto, workspace_root="/home/andy/Projects/MeetBalls"
2026-02-13T08:17:26.640003Z  INFO ralph_core::event_loop: Looking for memories at: "/home/andy/Projects/MeetBalls/.ralph/agent/memories.md" (exists: false)
2026-02-13T08:17:26.640009Z  INFO ralph_core::event_loop: Successfully loaded 0 memories from store
2026-02-13T08:17:26.640012Z  INFO ralph_core::event_loop: Memory store is empty - no memories to inject
2026-02-13T08:17:26.640071Z  INFO ralph_core::event_loop: Injecting scratchpad (16214 chars) into prompt
2026-02-13T08:18:09.886121Z  INFO ralph_core::event_loop: Completion event detected in JSONL topic=LOOP_COMPLETE
2026-02-13T08:18:09.886148Z  INFO ralph_core::event_loop: Completion event detected - terminating
2026-02-13T08:18:09.886154Z  INFO ralph::loop_runner: Completion event LOOP_COMPLETE detected.
2026-02-13T08:18:09.886169Z  INFO ralph_core::event_loop: Wrapping up: completed. 15 iterations in 46m 4s. reason=completed iterations=15 duration=46m 4s
2026-02-13T08:18:09.888945Z  INFO ralph_core::landing: Beginning landing sequence loop_id=primary
