2026-02-13T14:27:20.890011Z  INFO ralph_core::event_loop: Memory injection check: enabled=true, inject=Auto, workspace_root="/home/andy/Projects/MeetBalls"
2026-02-13T14:27:20.890098Z  INFO ralph_core::event_loop: Looking for memories at: "/home/andy/Projects/MeetBalls/.ralph/agent/memories.md" (exists: false)
2026-02-13T14:27:20.890134Z  INFO ralph_core::event_loop: Successfully loaded 0 memories from store
2026-02-13T14:27:20.890137Z  INFO ralph_core::event_loop: Memory store is empty - no memories to inject
2026-02-13T14:28:32.296897Z  INFO ralph_core::event_loop: Memory injection check: enabled=true, inject=Auto, workspace_root="/home/andy/Projects/MeetBalls"
2026-02-13T14:28:32.296916Z  INFO ralph_core::event_loop: Looking for memories at: "/home/andy/Projects/MeetBalls/.ralph/agent/memories.md" (exists: false)
2026-02-13T14:28:32.296921Z  INFO ralph_core::event_loop: Successfully loaded 0 memories from store
2026-02-13T14:28:32.296923Z  INFO ralph_core::event_loop: Memory store is empty - no memories to inject
2026-02-13T14:28:32.296952Z  INFO ralph_core::event_loop: Injecting scratchpad (1329 chars) into prompt
2026-02-13T14:30:58.292383Z  INFO ralph_core::event_loop: Memory injection check: enabled=true, inject=Auto, workspace_root="/home/andy/Projects/MeetBalls"
2026-02-13T14:30:58.292438Z  INFO ralph_core::event_loop: Looking for memories at: "/home/andy/Projects/MeetBalls/.ralph/agent/memories.md" (exists: false)
2026-02-13T14:30:58.292445Z  INFO ralph_core::event_loop: Successfully loaded 0 memories from store
2026-02-13T14:30:58.292448Z  INFO ralph_core::event_loop: Memory store is empty - no memories to inject
2026-02-13T14:30:58.292472Z  INFO ralph_core::event_loop: Injecting scratchpad (1865 chars) into prompt
2026-02-13T14:31:43.921219Z  INFO ralph_core::event_loop: Memory injection check: enabled=true, inject=Auto, workspace_root="/home/andy/Projects/MeetBalls"
2026-02-13T14:31:43.921244Z  INFO ralph_core::event_loop: Looking for memories at: "/home/andy/Projects/MeetBalls/.ralph/agent/memories.md" (exists: false)
2026-02-13T14:31:43.921249Z  INFO ralph_core::event_loop: Successfully loaded 0 memories from store
2026-02-13T14:31:43.921251Z  INFO ralph_core::event_loop: Memory store is empty - no memories to inject
2026-02-13T14:31:43.921271Z  INFO ralph_core::event_loop: Injecting scratchpad (3251 chars) into prompt
2026-02-13T14:37:39.005934Z  INFO ralph_core::event_loop: Memory injection check: enabled=true, inject=Auto, workspace_root="/home/andy/Projects/MeetBalls"
2026-02-13T14:37:39.005970Z  INFO ralph_core::event_loop: Looking for memories at: "/home/andy/Projects/MeetBalls/.ralph/agent/memories.md" (exists: false)
2026-02-13T14:37:39.006004Z  INFO ralph_core::event_loop: Successfully loaded 0 memories from store
2026-02-13T14:37:39.006008Z  INFO ralph_core::event_loop: Memory store is empty - no memories to inject
2026-02-13T14:37:39.006034Z  INFO ralph_core::event_loop: Injecting scratchpad (4967 chars) into prompt
2026-02-13T14:38:53.617185Z  INFO ralph_core::event_loop: Memory injection check: enabled=true, inject=Auto, workspace_root="/home/andy/Projects/MeetBalls"
2026-02-13T14:38:53.617208Z  INFO ralph_core::event_loop: Looking for memories at: "/home/andy/Projects/MeetBalls/.ralph/agent/memories.md" (exists: false)
2026-02-13T14:38:53.617214Z  INFO ralph_core::event_loop: Successfully loaded 0 memories from store
2026-02-13T14:38:53.617217Z  INFO ralph_core::event_loop: Memory store is empty - no memories to inject
2026-02-13T14:38:53.617243Z  INFO ralph_core::event_loop: Injecting scratchpad (8769 chars) into prompt
2026-02-13T14:39:45.225594Z  INFO ralph_core::event_loop: Memory injection check: enabled=true, inject=Auto, workspace_root="/home/andy/Projects/MeetBalls"
2026-02-13T14:39:45.225618Z  INFO ralph_core::event_loop: Looking for memories at: "/home/andy/Projects/MeetBalls/.ralph/agent/memories.md" (exists: false)
2026-02-13T14:39:45.225623Z  INFO ralph_core::event_loop: Successfully loaded 0 memories from store
2026-02-13T14:39:45.225625Z  INFO ralph_core::event_loop: Memory store is empty - no memories to inject
2026-02-13T14:39:45.225663Z  INFO ralph_core::event_loop: Injecting scratchpad (10167 chars) into prompt
2026-02-13T14:40:52.162377Z  INFO ralph_core::event_loop: Memory injection check: enabled=true, inject=Auto, workspace_root="/home/andy/Projects/MeetBalls"
2026-02-13T14:40:52.162401Z  INFO ralph_core::event_loop: Looking for memories at: "/home/andy/Projects/MeetBalls/.ralph/agent/memories.md" (exists: false)
2026-02-13T14:40:52.162406Z  INFO ralph_core::event_loop: Successfully loaded 0 memories from store
2026-02-13T14:40:52.162408Z  INFO ralph_core::event_loop: Memory store is empty - no memories to inject
2026-02-13T14:40:52.162438Z  INFO ralph_core::event_loop: Injecting scratchpad (11133 chars) into prompt
2026-02-13T14:41:56.728713Z  INFO ralph_core::event_loop: Memory injection check: enabled=true, inject=Auto, workspace_root="/home/andy/Projects/MeetBalls"
2026-02-13T14:41:56.728734Z  INFO ralph_core::event_loop: Looking for memories at: "/home/andy/Projects/MeetBalls/.ralph/agent/memories.md" (exists: false)
2026-02-13T14:41:56.728739Z  INFO ralph_core::event_loop: Successfully loaded 0 memories from store
2026-02-13T14:41:56.728741Z  INFO ralph_core::event_loop: Memory store is empty - no memories to inject
2026-02-13T14:41:56.728766Z  INFO ralph_core::event_loop: Injecting scratchpad (14628 chars) into prompt
2026-02-13T14:45:16.439928Z  INFO ralph_core::event_loop: Memory injection check: enabled=true, inject=Auto, workspace_root="/home/andy/Projects/MeetBalls"
2026-02-13T14:45:16.439949Z  INFO ralph_core::event_loop: Looking for memories at: "/home/andy/Projects/MeetBalls/.ralph/agent/memories.md" (exists: false)
2026-02-13T14:45:16.439954Z  INFO ralph_core::event_loop: Successfully loaded 0 memories from store
2026-02-13T14:45:16.439956Z  INFO ralph_core::event_loop: Memory store is empty - no memories to inject
2026-02-13T14:45:16.440040Z  INFO ralph_core::event_loop: Injecting scratchpad (16127 chars) into prompt
2026-02-13T14:47:26.734856Z  INFO ralph_core::event_loop: Memory injection check: enabled=true, inject=Auto, workspace_root="/home/andy/Projects/MeetBalls"
2026-02-13T14:47:26.734884Z  INFO ralph_core::event_loop: Looking for memories at: "/home/andy/Projects/MeetBalls/.ralph/agent/memories.md" (exists: false)
2026-02-13T14:47:26.734889Z  INFO ralph_core::event_loop: Successfully loaded 0 memories from store
2026-02-13T14:47:26.734892Z  INFO ralph_core::event_loop: Memory store is empty - no memories to inject
2026-02-13T14:47:26.734928Z  INFO ralph_core::event_loop: Injecting scratchpad (16376 chars) into prompt
2026-02-13T14:50:19.469376Z  INFO ralph_core::event_loop: Memory injection check: enabled=true, inject=Auto, workspace_root="/home/andy/Projects/MeetBalls"
2026-02-13T14:50:19.469401Z  INFO ralph_core::event_loop: Looking for memories at: "/home/andy/Projects/MeetBalls/.ralph/agent/memories.md" (exists: false)
2026-02-13T14:50:19.469407Z  INFO ralph_core::event_loop: Successfully loaded 0 memories from store
2026-02-13T14:50:19.469410Z  INFO ralph_core::event_loop: Memory store is empty - no memories to inject
2026-02-13T14:50:19.469460Z  INFO ralph_core::event_loop: Injecting scratchpad (16514 chars) into prompt
2026-02-13T15:01:51.645340Z  INFO ralph_core::event_loop: Memory injection check: enabled=true, inject=Auto, workspace_root="/home/andy/Projects/MeetBalls"
2026-02-13T15:01:51.645365Z  INFO ralph_core::event_loop: Looking for memories at: "/home/andy/Projects/MeetBalls/.ralph/agent/memories.md" (exists: false)
2026-02-13T15:01:51.645370Z  INFO ralph_core::event_loop: Successfully loaded 0 memories from store
2026-02-13T15:01:51.645372Z  INFO ralph_core::event_loop: Memory store is empty - no memories to inject
2026-02-13T15:01:51.645416Z  INFO ralph_core::event_loop: Injecting scratchpad (16233 chars) into prompt
2026-02-13T15:03:36.563851Z  INFO ralph_core::event_loop: Memory injection check: enabled=true, inject=Auto, workspace_root="/home/andy/Projects/MeetBalls"
2026-02-13T15:03:36.563875Z  INFO ralph_core::event_loop: Looking for memories at: "/home/andy/Projects/MeetBalls/.ralph/agent/memories.md" (exists: false)
2026-02-13T15:03:36.563889Z  INFO ralph_core::event_loop: Successfully loaded 0 memories from store
2026-02-13T15:03:36.563891Z  INFO ralph_core::event_loop: Memory store is empty - no memories to inject
2026-02-13T15:03:36.563939Z  INFO ralph_core::event_loop: Injecting scratchpad (16489 chars) into prompt
2026-02-13T15:07:51.038266Z  INFO ralph_core::event_loop: Memory injection check: enabled=true, inject=Auto, workspace_root="/home/andy/Projects/MeetBalls"
2026-02-13T15:07:51.038300Z  INFO ralph_core::event_loop: Looking for memories at: "/home/andy/Projects/MeetBalls/.ralph/agent/memories.md" (exists: false)
2026-02-13T15:07:51.038306Z  INFO ralph_core::event_loop: Successfully loaded 0 memories from store
2026-02-13T15:07:51.038308Z  INFO ralph_core::event_loop: Memory store is empty - no memories to inject
2026-02-13T15:07:51.038361Z  INFO ralph_core::event_loop: Injecting scratchpad (16624 chars) into prompt
2026-02-13T15:12:37.117318Z  INFO ralph_core::event_loop: Memory injection check: enabled=true, inject=Auto, workspace_root="/home/andy/Projects/MeetBalls"
2026-02-13T15:12:37.117346Z  INFO ralph_core::event_loop: Looking for memories at: "/home/andy/Projects/MeetBalls/.ralph/agent/memories.md" (exists: false)
2026-02-13T15:12:37.117352Z  INFO ralph_core::event_loop: Successfully loaded 0 memories from store
2026-02-13T15:12:37.117355Z  INFO ralph_core::event_loop: Memory store is empty - no memories to inject
2026-02-13T15:12:37.117423Z  INFO ralph_core::event_loop: Injecting scratchpad (17179 chars) into prompt
2026-02-13T15:15:19.353201Z  INFO ralph_core::event_loop: Memory injection check: enabled=true, inject=Auto, workspace_root="/home/andy/Projects/MeetBalls"
2026-02-13T15:15:19.353252Z  INFO ralph_core::event_loop: Looking for memories at: "/home/andy/Projects/MeetBalls/.ralph/agent/memories.md" (exists: false)
2026-02-13T15:15:19.353257Z  INFO ralph_core::event_loop: Successfully loaded 0 memories from store
2026-02-13T15:15:19.353260Z  INFO ralph_core::event_loop: Memory store is empty - no memories to inject
2026-02-13T15:15:19.353304Z  INFO ralph_core::event_loop: Injecting scratchpad (17007 chars) into prompt
2026-02-13T15:17:56.932406Z  INFO ralph_core::event_loop: Memory injection check: enabled=true, inject=Auto, workspace_root="/home/andy/Projects/MeetBalls"
2026-02-13T15:17:56.932432Z  INFO ralph_core::event_loop: Looking for memories at: "/home/andy/Projects/MeetBalls/.ralph/agent/memories.md" (exists: false)
2026-02-13T15:17:56.932437Z  INFO ralph_core::event_loop: Successfully loaded 0 memories from store
2026-02-13T15:17:56.932439Z  INFO ralph_core::event_loop: Memory store is empty - no memories to inject
2026-02-13T15:17:56.932497Z  INFO ralph_core::event_loop: Injecting scratchpad (17211 chars) into prompt
2026-02-13T17:57:46.663540Z  INFO ralph_core::event_loop: Memory injection check: enabled=true, inject=Auto, workspace_root="/home/andy/Projects/MeetBalls"
2026-02-13T17:57:46.664019Z  INFO ralph_core::event_loop: Looking for memories at: "/home/andy/Projects/MeetBalls/.ralph/agent/memories.md" (exists: false)
2026-02-13T17:57:46.664072Z  INFO ralph_core::event_loop: Successfully loaded 0 memories from store
2026-02-13T17:57:46.664077Z  INFO ralph_core::event_loop: Memory store is empty - no memories to inject
2026-02-13T17:57:46.664556Z  INFO ralph_core::event_loop: Injecting scratchpad (17435 chars) into prompt
2026-02-13T17:59:11.993232Z  INFO ralph_core::event_loop: Memory injection check: enabled=true, inject=Auto, workspace_root="/home/andy/Projects/MeetBalls"
2026-02-13T17:59:11.993345Z  INFO ralph_core::event_loop: Looking for memories at: "/home/andy/Projects/MeetBalls/.ralph/agent/memories.md" (exists: false)
2026-02-13T17:59:11.993360Z  INFO ralph_core::event_loop: Successfully loaded 0 memories from store
2026-02-13T17:59:11.993366Z  INFO ralph_core::event_loop: Memory store is empty - no memories to inject
2026-02-13T17:59:11.993544Z  INFO ralph_core::event_loop: Injecting scratchpad (17474 chars) into prompt
2026-02-13T18:00:03.352641Z  INFO ralph_core::event_loop: Completion event detected in JSONL topic=LOOP_COMPLETE
2026-02-13T18:00:03.352789Z  INFO ralph_core::event_loop: Completion event detected - terminating
2026-02-13T18:00:03.352886Z  INFO ralph::loop_runner: Completion event LOOP_COMPLETE detected.
2026-02-13T18:00:03.352979Z  INFO ralph_core::event_loop: Wrapping up: completed. 20 iterations in 2h 59m 14s. reason=completed iterations=20 duration=2h 59m 14s
2026-02-13T18:00:03.359297Z  INFO ralph_core::landing: Beginning landing sequence loop_id=primary
